Using pre-set license
Built from '2022.3/staging' branch; Version is '2022.3.11f1 (d00248457e15) revision 13632072'; Using compiler version '192829333'; Build Type 'Release'
OS: 'Windows 10  (10.0.19045) 64bit Professional' Language: 'es' Physical Memory: 16267 MB
BatchMode: 1, IsHumanControllingUs: 0, StartBugReporterOnCrash: 0, Is64bit: 1, IsPro: 1

COMMAND LINE ARGUMENTS:
C:\Program Files\Unity\Hub\Editor\2022.3.11f1\Editor\Unity.exe
-adb2
-batchMode
-noUpm
-name
AssetImportWorker0
-projectPath
D:/estudiar/ESPECIALIDAD VIDEOJUEGOS/runner
-logFile
Logs/AssetImportWorker0.log
-srvPort
50380
Successfully changed project path to: D:/estudiar/ESPECIALIDAD VIDEOJUEGOS/runner
D:/estudiar/ESPECIALIDAD VIDEOJUEGOS/runner
[UnityMemory] Configuration Parameters - Can be set up in boot.config
    "memorysetup-bucket-allocator-granularity=16"
    "memorysetup-bucket-allocator-bucket-count=8"
    "memorysetup-bucket-allocator-block-size=33554432"
    "memorysetup-bucket-allocator-block-count=8"
    "memorysetup-main-allocator-block-size=16777216"
    "memorysetup-thread-allocator-block-size=16777216"
    "memorysetup-gfx-main-allocator-block-size=16777216"
    "memorysetup-gfx-thread-allocator-block-size=16777216"
    "memorysetup-cache-allocator-block-size=4194304"
    "memorysetup-typetree-allocator-block-size=2097152"
    "memorysetup-profiler-bucket-allocator-granularity=16"
    "memorysetup-profiler-bucket-allocator-bucket-count=8"
    "memorysetup-profiler-bucket-allocator-block-size=33554432"
    "memorysetup-profiler-bucket-allocator-block-count=8"
    "memorysetup-profiler-allocator-block-size=16777216"
    "memorysetup-profiler-editor-allocator-block-size=1048576"
    "memorysetup-temp-allocator-size-main=16777216"
    "memorysetup-job-temp-allocator-block-size=2097152"
    "memorysetup-job-temp-allocator-block-size-background=1048576"
    "memorysetup-job-temp-allocator-reduction-small-platforms=262144"
    "memorysetup-allocator-temp-initial-block-size-main=262144"
    "memorysetup-allocator-temp-initial-block-size-worker=262144"
    "memorysetup-temp-allocator-size-background-worker=32768"
    "memorysetup-temp-allocator-size-job-worker=262144"
    "memorysetup-temp-allocator-size-preload-manager=33554432"
    "memorysetup-temp-allocator-size-nav-mesh-worker=65536"
    "memorysetup-temp-allocator-size-audio-worker=65536"
    "memorysetup-temp-allocator-size-cloud-worker=32768"
    "memorysetup-temp-allocator-size-gi-baking-worker=262144"
    "memorysetup-temp-allocator-size-gfx=262144"
Player connection [19000] Host "[IP] 192.168.56.1 [Port] 0 [Flags] 2 [Guid] 2012105436 [EditorId] 2012105436 [Version] 1048832 [Id] WindowsEditor(7,DESKTOP-2JN4E3A) [Debug] 1 [PackageName] WindowsEditor [ProjectName] Editor" joined multi-casting on [225.0.0.222:54997]...

Player connection [19000] Host "[IP] 192.168.56.1 [Port] 0 [Flags] 2 [Guid] 2012105436 [EditorId] 2012105436 [Version] 1048832 [Id] WindowsEditor(7,DESKTOP-2JN4E3A) [Debug] 1 [PackageName] WindowsEditor [ProjectName] Editor" joined alternative multi-casting on [225.0.0.222:34997]...

[Physics::Module] Initialized MultithreadedJobDispatcher with 7 workers.
Refreshing native plugins compatible for Editor in 22.94 ms, found 3 plugins.
Preloading 0 native plugins for Editor in 0.00 ms.
Initialize engine version: 2022.3.11f1 (d00248457e15)
[Subsystems] Discovering subsystems at path C:/Program Files/Unity/Hub/Editor/2022.3.11f1/Editor/Data/Resources/UnitySubsystems
[Subsystems] Discovering subsystems at path D:/estudiar/ESPECIALIDAD VIDEOJUEGOS/runner/Assets
GfxDevice: creating device client; threaded=0; jobified=0
Direct3D:
    Version:  Direct3D 11.0 [level 11.1]
    Renderer: NVIDIA GeForce GTX 1050 Ti (ID=0x1c8c)
    Vendor:   NVIDIA
    VRAM:     4018 MB
    Driver:   30.0.14.9709
Initialize mono
Mono path[0] = 'C:/Program Files/Unity/Hub/Editor/2022.3.11f1/Editor/Data/Managed'
Mono path[1] = 'C:/Program Files/Unity/Hub/Editor/2022.3.11f1/Editor/Data/MonoBleedingEdge/lib/mono/unityjit-win32'
Mono config path = 'C:/Program Files/Unity/Hub/Editor/2022.3.11f1/Editor/Data/MonoBleedingEdge/etc'
Using monoOptions --debugger-agent=transport=dt_socket,embedding=1,server=y,suspend=n,address=127.0.0.1:56224
Begin MonoManager ReloadAssembly
Registering precompiled unity dll's ...
Register platform support module: C:/Program Files/Unity/Hub/Editor/2022.3.11f1/Editor/Data/PlaybackEngines/WebGLSupport/UnityEditor.WebGL.Extensions.dll
Register platform support module: C:/Program Files/Unity/Hub/Editor/2022.3.11f1/Editor/Data/PlaybackEngines/AndroidPlayer/UnityEditor.Android.Extensions.dll
Register platform support module: C:/Program Files/Unity/Hub/Editor/2022.3.11f1/Editor/Data/PlaybackEngines/WindowsStandaloneSupport/UnityEditor.WindowsStandalone.Extensions.dll
Register platform support module: C:/Program Files/Unity/Hub/Editor/2022.3.11f1/Editor/Data/PlaybackEngines/MetroSupport/UnityEditor.UWP.Extensions.dll
Registered in 0.027939 seconds.
- Loaded All Assemblies, in  0.907 seconds
Native extension for UWP target not found
Native extension for WindowsStandalone target not found
Native extension for Android target not found
CommandWithNoStdoutInvokationFailure: Unable to start ADB server. Please make sure the Android SDK is installed and is properly configured in the Editor. See the Console for more details.
  at UnityEditor.Android.Command.RunWithShellExecute (System.String command, System.String args, System.String workingdir, System.String errorMsg) [0x00060] in <d10267f7623440f4993bb84654a34a85>:0 
  at UnityEditor.Android.ADB.StartServer () [0x00013] in <d10267f7623440f4993bb84654a34a85>:0 
  at UnityEditor.Android.ADB.Run (System.String[] command, UnityEditor.Android.Command+WaitingForProcessToExit waitingForProcessToExit, System.String errorMsg) [0x0000b] in <d10267f7623440f4993bb84654a34a85>:0 
  at UnityEditor.Android.AndroidDeploymentTargetsExtension.GetKnownTargets (UnityEditor.DeploymentTargets.IDeploymentTargetsMainThreadContext context, UnityEditor.ProgressHandler progressHandler) [0x00284] in <d10267f7623440f4993bb84654a34a85>:0 
  at UnityEditor.Android.TargetScanWorker.ScanSync () [0x00039] in <d10267f7623440f4993bb84654a34a85>:0 
  at UnityEditor.Android.TargetExtension.OnUsbDevicesChanged (UnityEditor.Hardware.UsbDevice[] usbDevices) [0x00081] in <d10267f7623440f4993bb84654a34a85>:0 
  at UnityEditor.Android.TargetExtension.OnLoad () [0x000ad] in <d10267f7623440f4993bb84654a34a85>:0 
  at UnityEditor.Modules.ModuleManager.InitializePlatformSupportModules () [0x0009d] in <9920ff0c944845d7b9f9a61ef1478edc>:0 

Mono: successfully reloaded assembly
- Finished resetting the current domain, in  5.359 seconds
Domain Reload Profiling: 6263ms
	BeginReloadAssembly (275ms)
		ExecutionOrderSort (0ms)
		DisableScriptedObjects (0ms)
		BackupInstance (0ms)
		ReleaseScriptingObjects (0ms)
		CreateAndSetChildDomain (2ms)
	RebuildCommonClasses (80ms)
	RebuildNativeTypeToScriptingClass (24ms)
	initialDomainReloadingComplete (143ms)
	LoadAllAssembliesAndSetupDomain (381ms)
		LoadAssemblies (273ms)
		RebuildTransferFunctionScriptingTraits (0ms)
		AnalyzeDomain (374ms)
			TypeCache.Refresh (371ms)
				TypeCache.ScanAssembly (339ms)
			ScanForSourceGeneratedMonoScriptInfo (1ms)
			ResolveRequiredComponents (1ms)
	FinalizeReload (5360ms)
		ReleaseScriptCaches (0ms)
		RebuildScriptCaches (0ms)
		SetupLoadedEditorAssemblies (5227ms)
			LogAssemblyErrors (0ms)
			InitializePlatformSupportModulesInManaged (4864ms)
			SetLoadedEditorAssemblies (14ms)
			RefreshPlugins (0ms)
			BeforeProcessingInitializeOnLoad (6ms)
			ProcessInitializeOnLoadAttributes (235ms)
			ProcessInitializeOnLoadMethodAttributes (108ms)
			AfterProcessingInitializeOnLoad (0ms)
			EditorAssembliesLoaded (0ms)
		ExecutionOrderSort2 (0ms)
		AwakeInstancesAfterBackupRestoration (0ms)
========================================================================
Worker process is ready to serve import requests
Begin MonoManager ReloadAssembly
- Loaded All Assemblies, in  1.673 seconds
Refreshing native plugins compatible for Editor in 7.54 ms, found 3 plugins.
Native extension for UWP target not found
Native extension for WindowsStandalone target not found
Native extension for Android target not found
Native extension for WebGL target not found
Package Manager log level set to [2]
[Package Manager] Server::EnsureServerProcessIsRunning -- launch failed, reason: Unity was launched with the -noUpm command-line argument
[Package Manager] UpmClient::Send -- Unable to send message (not connected to UPM process).
[Package Manager] Cannot connect to Unity Package Manager local server
Mono: successfully reloaded assembly
- Finished resetting the current domain, in  1.409 seconds
Domain Reload Profiling: 3077ms
	BeginReloadAssembly (358ms)
		ExecutionOrderSort (0ms)
		DisableScriptedObjects (13ms)
		BackupInstance (0ms)
		ReleaseScriptingObjects (0ms)
		CreateAndSetChildDomain (49ms)
	RebuildCommonClasses (84ms)
	RebuildNativeTypeToScriptingClass (24ms)
	initialDomainReloadingComplete (105ms)
	LoadAllAssembliesAndSetupDomain (1097ms)
		LoadAssemblies (862ms)
		RebuildTransferFunctionScriptingTraits (0ms)
		AnalyzeDomain (455ms)
			TypeCache.Refresh (406ms)
				TypeCache.ScanAssembly (361ms)
			ScanForSourceGeneratedMonoScriptInfo (32ms)
			ResolveRequiredComponents (13ms)
	FinalizeReload (1409ms)
		ReleaseScriptCaches (0ms)
		RebuildScriptCaches (0ms)
		SetupLoadedEditorAssemblies (1007ms)
			LogAssemblyErrors (0ms)
			InitializePlatformSupportModulesInManaged (123ms)
			SetLoadedEditorAssemblies (8ms)
			RefreshPlugins (0ms)
			BeforeProcessingInitializeOnLoad (131ms)
			ProcessInitializeOnLoadAttributes (682ms)
			ProcessInitializeOnLoadMethodAttributes (46ms)
			AfterProcessingInitializeOnLoad (16ms)
			EditorAssembliesLoaded (1ms)
		ExecutionOrderSort2 (0ms)
		AwakeInstancesAfterBackupRestoration (21ms)
Launched and connected shader compiler UnityShaderCompiler.exe after 0.24 seconds
Refreshing native plugins compatible for Editor in 10.41 ms, found 3 plugins.
Preloading 0 native plugins for Editor in 0.00 ms.
Unloading 3101 Unused Serialized files (Serialized files now loaded: 0)
Unloading 32 unused Assets / (57.1 KB). Loaded Objects now: 3570.
Memory consumption went from 130.8 MB to 130.7 MB.
Total: 4.844000 ms (FindLiveObjects: 0.334500 ms CreateObjectMapping: 0.434800 ms MarkObjects: 3.864700 ms  DeleteObjects: 0.208000 ms)

AssetImportParameters requested are different than current active one (requested -> active):
  custom:container-demuxer-ogg: 62fdf1f143b41e24485cea50d1cbac27 -> 
  custom:video-decoder-ogg-theora: a1e56fd34408186e4bbccfd4996cb3dc -> 
  custom:framework-win-MediaFoundation: 216162199b28c13a410421893ffa2e32 -> 
  custom:CustomObjectIndexerAttribute: 756ad292c208cfabdd7b50bc23989ffe -> 
  custom:container-demuxer-webm: 4f35f7cbe854078d1ac9338744f61a02 -> 
  custom:container-muxer-webm: aa71ff27fc2769a1b78a27578f13a17b -> 
  custom:video-decoder-webm-vp8: 9c59270c3fd7afecdb556c50c9e8de78 -> 
  custom:SearchIndexIgnoredProperties: e643bd26f0fe6173181afceb89e7c659 -> 
  custom:AudioImporter_EditorPlatform: d09bf68614088b80899f8185d706f6e7 -> 
  custom:video-encoder-webm-vp8: eb34c28f22e8b96e1ab97ce403110664 -> 
  custom:audio-decoder-ogg-vorbis: bf7c407c2cedff20999df2af8eb42d56 -> 
  custom:audio-encoder-webm-vorbis: bf7c407c2cedff20999df2af8eb42d56 -> 
========================================================================
Received Import Request.
  Time since last request: 955389.219812 seconds.
  path: Assets/Art
  artifactKey: Guid(287e3d68facbc1f4d8da130684642382) Importer(815301076,1909f56bfc062723c751e8b465ee728b)
Start importing Assets/Art using Guid(287e3d68facbc1f4d8da130684642382) Importer(815301076,1909f56bfc062723c751e8b465ee728b)  -> (artifact id: '08f2f85052c5b7e7e8cc0af89a52dfd2') in 0.006704 seconds
Number of updated asset objects reloaded before import = 0
Number of asset objects unloaded after import = 0
========================================================================
Received Import Request.
  Time since last request: 0.000066 seconds.
  path: Assets/Art/JKT_Art/Scene
  artifactKey: Guid(2327681c3850f804a988561c46ae9598) Importer(815301076,1909f56bfc062723c751e8b465ee728b)
Start importing Assets/Art/JKT_Art/Scene using Guid(2327681c3850f804a988561c46ae9598) Importer(815301076,1909f56bfc062723c751e8b465ee728b)  -> (artifact id: '86028f548c66667ffa7a8cdee9328721') in 0.001180 seconds
Number of updated asset objects reloaded before import = 0
Number of asset objects unloaded after import = 0
========================================================================
Received Import Request.
  Time since last request: 0.000201 seconds.
  path: Assets/Art/JKT_Art/block/Materials/block4.mat
  artifactKey: Guid(be283c5aa9c238047b70ca164603a0c1) Importer(815301076,1909f56bfc062723c751e8b465ee728b)
Start importing Assets/Art/JKT_Art/block/Materials/block4.mat using Guid(be283c5aa9c238047b70ca164603a0c1) Importer(815301076,1909f56bfc062723c751e8b465ee728b)  -> (artifact id: '2d9a35aa1d0daf68672d8385f4fa05bb') in 0.186504 seconds
Number of updated asset objects reloaded before import = 0
Number of asset objects unloaded after import = 2
========================================================================
Received Import Request.
  Time since last request: 0.000024 seconds.
  path: Assets/Art/JKT_Art/block/Materials/block6.mat
  artifactKey: Guid(6794981a106185f46ad0e7e1c820960f) Importer(815301076,1909f56bfc062723c751e8b465ee728b)
Start importing Assets/Art/JKT_Art/block/Materials/block6.mat using Guid(6794981a106185f46ad0e7e1c820960f) Importer(815301076,1909f56bfc062723c751e8b465ee728b)  -> (artifact id: 'c57b36ac69ffbcf0a783f29045433d09') in 0.018299 seconds
Number of updated asset objects reloaded before import = 0
Number of asset objects unloaded after import = 2
========================================================================
Received Import Request.
  Time since last request: 0.000025 seconds.
  path: Assets/Art/JKT_Art/block/texture/block_white.tif
  artifactKey: Guid(ad5872fcd98095440b059ea7509f2e8f) Importer(815301076,1909f56bfc062723c751e8b465ee728b)
Start importing Assets/Art/JKT_Art/block/texture/block_white.tif using Guid(ad5872fcd98095440b059ea7509f2e8f) Importer(815301076,1909f56bfc062723c751e8b465ee728b)  -> (artifact id: 'cb7d9686d258060c1629951592b131d7') in 0.064211 seconds
Number of updated asset objects reloaded before import = 0
Number of asset objects unloaded after import = 2
========================================================================
Received Import Request.
  Time since last request: 0.000064 seconds.
  path: Assets/Art/JKT_Art/block/Materials/block1.mat
  artifactKey: Guid(94f59aab1b299a24abac52d33e2cff72) Importer(815301076,1909f56bfc062723c751e8b465ee728b)
Start importing Assets/Art/JKT_Art/block/Materials/block1.mat using Guid(94f59aab1b299a24abac52d33e2cff72) Importer(815301076,1909f56bfc062723c751e8b465ee728b)  -> (artifact id: '367a3a977fd9e212343c3cabb45061d4') in 0.067725 seconds
Number of updated asset objects reloaded before import = 0
Number of asset objects unloaded after import = 2
========================================================================
Received Import Request.
  Time since last request: 0.000048 seconds.
  path: Assets/Art/JKT_Art/block/Materials/start.mat
  artifactKey: Guid(abc78fdd7e2a069449856f2b6149bf2b) Importer(815301076,1909f56bfc062723c751e8b465ee728b)
Start importing Assets/Art/JKT_Art/block/Materials/start.mat using Guid(abc78fdd7e2a069449856f2b6149bf2b) Importer(815301076,1909f56bfc062723c751e8b465ee728b)  -> (artifact id: 'e337f7e073b31a9695d6a0bdb3f39a4a') in 0.090828 seconds
Number of updated asset objects reloaded before import = 0
Number of asset objects unloaded after import = 2
========================================================================
Received Import Request.
  Time since last request: 0.000025 seconds.
  path: Assets/Art/JKT_Art/block/Materials
  artifactKey: Guid(395e5fcbeceec2c47acd9717ba9e8e25) Importer(815301076,1909f56bfc062723c751e8b465ee728b)
Start importing Assets/Art/JKT_Art/block/Materials using Guid(395e5fcbeceec2c47acd9717ba9e8e25) Importer(815301076,1909f56bfc062723c751e8b465ee728b)  -> (artifact id: '4380cfe667135c652ea4e51347e2a5d1') in 0.001038 seconds
Number of updated asset objects reloaded before import = 0
Number of asset objects unloaded after import = 0
========================================================================
Received Import Request.
  Time since last request: 0.000144 seconds.
  path: Assets/Art/JKT_Art/block/Materials/block3.mat
  artifactKey: Guid(b60bd52dd55cb7b448f60239cbb5d3f5) Importer(815301076,1909f56bfc062723c751e8b465ee728b)
Start importing Assets/Art/JKT_Art/block/Materials/block3.mat using Guid(b60bd52dd55cb7b448f60239cbb5d3f5) Importer(815301076,1909f56bfc062723c751e8b465ee728b)  -> (artifact id: 'a714c98bfc6b8a1b5f526ee068bd1c30') in 0.041694 seconds
Number of updated asset objects reloaded before import = 0
Number of asset objects unloaded after import = 2
========================================================================
Received Import Request.
  Time since last request: 0.000056 seconds.
  path: Assets/Art/JKT_Art/block/texture/block3.tif
  artifactKey: Guid(7489f9eb7ab72e844969bc8e194a98ba) Importer(815301076,1909f56bfc062723c751e8b465ee728b)
Start importing Assets/Art/JKT_Art/block/texture/block3.tif using Guid(7489f9eb7ab72e844969bc8e194a98ba) Importer(815301076,1909f56bfc062723c751e8b465ee728b)  -> (artifact id: 'e8d4023b64f5afbf858a23d5a565f204') in 0.025795 seconds
Number of updated asset objects reloaded before import = 0
Number of asset objects unloaded after import = 2
========================================================================
Received Import Request.
  Time since last request: 0.000030 seconds.
  path: Assets/Art/JKT_Art/block/texture/block_S.tif
  artifactKey: Guid(5a868f260b670f64789a8de3bc990891) Importer(815301076,1909f56bfc062723c751e8b465ee728b)
Start importing Assets/Art/JKT_Art/block/texture/block_S.tif using Guid(5a868f260b670f64789a8de3bc990891) Importer(815301076,1909f56bfc062723c751e8b465ee728b)  -> (artifact id: 'ca9e50b6a9e85fa1f87df6728f4eb190') in 0.025195 seconds
Number of updated asset objects reloaded before import = 0
Number of asset objects unloaded after import = 2
========================================================================
Received Import Request.
  Time since last request: 0.000042 seconds.
  path: Assets/Art/JKT_Art
  artifactKey: Guid(6fac1e55239da5946bff6163d3433d7f) Importer(815301076,1909f56bfc062723c751e8b465ee728b)
Start importing Assets/Art/JKT_Art using Guid(6fac1e55239da5946bff6163d3433d7f) Importer(815301076,1909f56bfc062723c751e8b465ee728b)  -> (artifact id: '4b87e79890bf6143ee8a8146fbe12c22') in 0.000810 seconds
Number of updated asset objects reloaded before import = 0
Number of asset objects unloaded after import = 0
========================================================================
Received Import Request.
  Time since last request: 0.000192 seconds.
  path: Assets/Art/JKT_Art/block/texture/block1.tif
  artifactKey: Guid(955a5d73dcb7f30449361b6d14cdf141) Importer(815301076,1909f56bfc062723c751e8b465ee728b)
Start importing Assets/Art/JKT_Art/block/texture/block1.tif using Guid(955a5d73dcb7f30449361b6d14cdf141) Importer(815301076,1909f56bfc062723c751e8b465ee728b)  -> (artifact id: '12001c4c080162e74309d49401f8eaa9') in 0.025563 seconds
Number of updated asset objects reloaded before import = 0
Number of asset objects unloaded after import = 2
Editor requested this worker to shutdown with reason: Scaling down because of idle timeout
TcpMessagingSession - receive error: operation aborted. errorcode: 995, details: La operación de E/S se anuló por una salida de subproceso o por una solicitud de aplicación.
AssetImportWorker is now disconnected from the server
Process exiting
Exiting without the bug reporter. Application will terminate with return code 0