Using pre-set license
Built from '2022.3/staging' branch; Version is '2022.3.11f1 (d00248457e15) revision 13632072'; Using compiler version '192829333'; Build Type 'Release'
OS: 'Windows 11  (10.0.22000) 64bit Enterprise' Language: 'es' Physical Memory: 32616 MB
BatchMode: 1, IsHumanControllingUs: 0, StartBugReporterOnCrash: 0, Is64bit: 1, IsPro: 1

COMMAND LINE ARGUMENTS:
C:\Program Files\Unity\Hub\Editor\2022.3.11f1\Editor\Unity.exe
-adb2
-batchMode
-noUpm
-name
AssetImportWorker1
-projectPath
C:/Users/Alumno tarde/tareas/Programacion/EndlessRunner
-logFile
Logs/AssetImportWorker1.log
-srvPort
62794
Successfully changed project path to: C:/Users/Alumno tarde/tareas/Programacion/EndlessRunner
C:/Users/Alumno tarde/tareas/Programacion/EndlessRunner
[UnityMemory] Configuration Parameters - Can be set up in boot.config
    "memorysetup-bucket-allocator-granularity=16"
    "memorysetup-bucket-allocator-bucket-count=8"
    "memorysetup-bucket-allocator-block-size=33554432"
    "memorysetup-bucket-allocator-block-count=8"
    "memorysetup-main-allocator-block-size=16777216"
    "memorysetup-thread-allocator-block-size=16777216"
    "memorysetup-gfx-main-allocator-block-size=16777216"
    "memorysetup-gfx-thread-allocator-block-size=16777216"
    "memorysetup-cache-allocator-block-size=4194304"
    "memorysetup-typetree-allocator-block-size=2097152"
    "memorysetup-profiler-bucket-allocator-granularity=16"
    "memorysetup-profiler-bucket-allocator-bucket-count=8"
    "memorysetup-profiler-bucket-allocator-block-size=33554432"
    "memorysetup-profiler-bucket-allocator-block-count=8"
    "memorysetup-profiler-allocator-block-size=16777216"
    "memorysetup-profiler-editor-allocator-block-size=1048576"
    "memorysetup-temp-allocator-size-main=16777216"
    "memorysetup-job-temp-allocator-block-size=2097152"
    "memorysetup-job-temp-allocator-block-size-background=1048576"
    "memorysetup-job-temp-allocator-reduction-small-platforms=262144"
    "memorysetup-allocator-temp-initial-block-size-main=262144"
    "memorysetup-allocator-temp-initial-block-size-worker=262144"
    "memorysetup-temp-allocator-size-background-worker=32768"
    "memorysetup-temp-allocator-size-job-worker=262144"
    "memorysetup-temp-allocator-size-preload-manager=33554432"
    "memorysetup-temp-allocator-size-nav-mesh-worker=65536"
    "memorysetup-temp-allocator-size-audio-worker=65536"
    "memorysetup-temp-allocator-size-cloud-worker=32768"
    "memorysetup-temp-allocator-size-gi-baking-worker=262144"
    "memorysetup-temp-allocator-size-gfx=262144"
Player connection [30040] Host "[IP] 192.168.243.241 [Port] 0 [Flags] 2 [Guid] 3581061079 [EditorId] 3581061079 [Version] 1048832 [Id] WindowsEditor(7,DESKTOP-KGTSG4J) [Debug] 1 [PackageName] WindowsEditor [ProjectName] Editor" joined multi-casting on [225.0.0.222:54997]...

Player connection [30040] Host "[IP] 192.168.243.241 [Port] 0 [Flags] 2 [Guid] 3581061079 [EditorId] 3581061079 [Version] 1048832 [Id] WindowsEditor(7,DESKTOP-KGTSG4J) [Debug] 1 [PackageName] WindowsEditor [ProjectName] Editor" joined alternative multi-casting on [225.0.0.222:34997]...

[Physics::Module] Initialized MultithreadedJobDispatcher with 15 workers.
Refreshing native plugins compatible for Editor in 6.45 ms, found 3 plugins.
Preloading 0 native plugins for Editor in 0.00 ms.
Initialize engine version: 2022.3.11f1 (d00248457e15)
[Subsystems] Discovering subsystems at path C:/Program Files/Unity/Hub/Editor/2022.3.11f1/Editor/Data/Resources/UnitySubsystems
[Subsystems] Discovering subsystems at path C:/Users/Alumno tarde/tareas/Programacion/EndlessRunner/Assets
GfxDevice: creating device client; threaded=0; jobified=0
Direct3D:
    Version:  Direct3D 11.0 [level 11.1]
    Renderer: NVIDIA GeForce RTX 3060 (ID=0x2487)
    Vendor:   NVIDIA
    VRAM:     12138 MB
    Driver:   30.0.14.7288
Initialize mono
Mono path[0] = 'C:/Program Files/Unity/Hub/Editor/2022.3.11f1/Editor/Data/Managed'
Mono path[1] = 'C:/Program Files/Unity/Hub/Editor/2022.3.11f1/Editor/Data/MonoBleedingEdge/lib/mono/unityjit-win32'
Mono config path = 'C:/Program Files/Unity/Hub/Editor/2022.3.11f1/Editor/Data/MonoBleedingEdge/etc'
Using monoOptions --debugger-agent=transport=dt_socket,embedding=1,server=y,suspend=n,address=127.0.0.1:56956
Begin MonoManager ReloadAssembly
Registering precompiled unity dll's ...
Register platform support module: C:/Program Files/Unity/Hub/Editor/2022.3.11f1/Editor/Data/PlaybackEngines/WebGLSupport/UnityEditor.WebGL.Extensions.dll
Register platform support module: C:/Program Files/Unity/Hub/Editor/2022.3.11f1/Editor/Data/PlaybackEngines/AndroidPlayer/UnityEditor.Android.Extensions.dll
Register platform support module: C:/Program Files/Unity/Hub/Editor/2022.3.11f1/Editor/Data/PlaybackEngines/WindowsStandaloneSupport/UnityEditor.WindowsStandalone.Extensions.dll
Registered in 0.004798 seconds.
- Loaded All Assemblies, in  0.259 seconds
Native extension for WindowsStandalone target not found
Native extension for Android target not found
Android Extension - Scanning For ADB Devices 162 ms
Native extension for WebGL target not found
Mono: successfully reloaded assembly
- Finished resetting the current domain, in  0.419 seconds
Domain Reload Profiling: 678ms
	BeginReloadAssembly (78ms)
		ExecutionOrderSort (0ms)
		DisableScriptedObjects (0ms)
		BackupInstance (0ms)
		ReleaseScriptingObjects (0ms)
		CreateAndSetChildDomain (1ms)
	RebuildCommonClasses (25ms)
	RebuildNativeTypeToScriptingClass (8ms)
	initialDomainReloadingComplete (41ms)
	LoadAllAssembliesAndSetupDomain (107ms)
		LoadAssemblies (78ms)
		RebuildTransferFunctionScriptingTraits (0ms)
		AnalyzeDomain (105ms)
			TypeCache.Refresh (104ms)
				TypeCache.ScanAssembly (94ms)
			ScanForSourceGeneratedMonoScriptInfo (0ms)
			ResolveRequiredComponents (0ms)
	FinalizeReload (419ms)
		ReleaseScriptCaches (0ms)
		RebuildScriptCaches (0ms)
		SetupLoadedEditorAssemblies (375ms)
			LogAssemblyErrors (0ms)
			InitializePlatformSupportModulesInManaged (260ms)
			SetLoadedEditorAssemblies (3ms)
			RefreshPlugins (0ms)
			BeforeProcessingInitializeOnLoad (2ms)
			ProcessInitializeOnLoadAttributes (76ms)
			ProcessInitializeOnLoadMethodAttributes (35ms)
			AfterProcessingInitializeOnLoad (0ms)
			EditorAssembliesLoaded (0ms)
		ExecutionOrderSort2 (0ms)
		AwakeInstancesAfterBackupRestoration (0ms)
========================================================================
Worker process is ready to serve import requests
Begin MonoManager ReloadAssembly
- Loaded All Assemblies, in  0.444 seconds
Refreshing native plugins compatible for Editor in 1.55 ms, found 3 plugins.
Native extension for WindowsStandalone target not found
Native extension for Android target not found
Native extension for WebGL target not found
Package Manager log level set to [2]
[Package Manager] Server::EnsureServerProcessIsRunning -- launch failed, reason: Unity was launched with the -noUpm command-line argument
[Package Manager] UpmClient::Send -- Unable to send message (not connected to UPM process).
[Package Manager] Cannot connect to Unity Package Manager local server
Mono: successfully reloaded assembly
- Finished resetting the current domain, in  0.432 seconds
Domain Reload Profiling: 875ms
	BeginReloadAssembly (107ms)
		ExecutionOrderSort (0ms)
		DisableScriptedObjects (4ms)
		BackupInstance (0ms)
		ReleaseScriptingObjects (0ms)
		CreateAndSetChildDomain (17ms)
	RebuildCommonClasses (28ms)
	RebuildNativeTypeToScriptingClass (8ms)
	initialDomainReloadingComplete (30ms)
	LoadAllAssembliesAndSetupDomain (270ms)
		LoadAssemblies (202ms)
		RebuildTransferFunctionScriptingTraits (0ms)
		AnalyzeDomain (130ms)
			TypeCache.Refresh (116ms)
				TypeCache.ScanAssembly (104ms)
			ScanForSourceGeneratedMonoScriptInfo (11ms)
			ResolveRequiredComponents (3ms)
	FinalizeReload (432ms)
		ReleaseScriptCaches (0ms)
		RebuildScriptCaches (0ms)
		SetupLoadedEditorAssemblies (305ms)
			LogAssemblyErrors (0ms)
			InitializePlatformSupportModulesInManaged (19ms)
			SetLoadedEditorAssemblies (3ms)
			RefreshPlugins (0ms)
			BeforeProcessingInitializeOnLoad (43ms)
			ProcessInitializeOnLoadAttributes (216ms)
			ProcessInitializeOnLoadMethodAttributes (21ms)
			AfterProcessingInitializeOnLoad (3ms)
			EditorAssembliesLoaded (0ms)
		ExecutionOrderSort2 (0ms)
		AwakeInstancesAfterBackupRestoration (5ms)
Launched and connected shader compiler UnityShaderCompiler.exe after 0.02 seconds
Refreshing native plugins compatible for Editor in 1.56 ms, found 3 plugins.
Preloading 0 native plugins for Editor in 0.00 ms.
Unloading 3100 Unused Serialized files (Serialized files now loaded: 0)
Unloading 32 unused Assets / (57.3 KB). Loaded Objects now: 3569.
Memory consumption went from 130.8 MB to 130.7 MB.
Total: 2.631300 ms (FindLiveObjects: 0.186400 ms CreateObjectMapping: 0.085600 ms MarkObjects: 2.248000 ms  DeleteObjects: 0.110300 ms)

AssetImportParameters requested are different than current active one (requested -> active):
  custom:container-demuxer-ogg: 62fdf1f143b41e24485cea50d1cbac27 -> 
  custom:video-decoder-ogg-theora: a1e56fd34408186e4bbccfd4996cb3dc -> 
  custom:framework-win-MediaFoundation: 216162199b28c13a410421893ffa2e32 -> 
  custom:CustomObjectIndexerAttribute: 756ad292c208cfabdd7b50bc23989ffe -> 
  custom:container-demuxer-webm: 4f35f7cbe854078d1ac9338744f61a02 -> 
  custom:container-muxer-webm: aa71ff27fc2769a1b78a27578f13a17b -> 
  custom:video-decoder-webm-vp8: 9c59270c3fd7afecdb556c50c9e8de78 -> 
  custom:SearchIndexIgnoredProperties: e643bd26f0fe6173181afceb89e7c659 -> 
  custom:AudioImporter_EditorPlatform: d09bf68614088b80899f8185d706f6e7 -> 
  custom:video-encoder-webm-vp8: eb34c28f22e8b96e1ab97ce403110664 -> 
  custom:audio-decoder-ogg-vorbis: bf7c407c2cedff20999df2af8eb42d56 -> 
  custom:audio-encoder-webm-vorbis: bf7c407c2cedff20999df2af8eb42d56 -> 
========================================================================
Received Import Request.
  Time since last request: 1218797.610783 seconds.
  path: Assets/Art/JKT_Art/Animals/sheep/Materials
  artifactKey: Guid(98318da5f3142e9468399facec9b492f) Importer(815301076,1909f56bfc062723c751e8b465ee728b)
Start importing Assets/Art/JKT_Art/Animals/sheep/Materials using Guid(98318da5f3142e9468399facec9b492f) Importer(815301076,1909f56bfc062723c751e8b465ee728b)  -> (artifact id: 'dc80b8a4f9af400ebde3af5a958e3730') in 0.004536 seconds
Number of updated asset objects reloaded before import = 0
Number of asset objects unloaded after import = 0
========================================================================
Received Import Request.
  Time since last request: 0.000022 seconds.
  path: Assets/Art/JKT_Art/Animals/sheep/Materials/sheep.tif
  artifactKey: Guid(47a93771c6ce30c4bacd97eb2643b32d) Importer(815301076,1909f56bfc062723c751e8b465ee728b)
Start importing Assets/Art/JKT_Art/Animals/sheep/Materials/sheep.tif using Guid(47a93771c6ce30c4bacd97eb2643b32d) Importer(815301076,1909f56bfc062723c751e8b465ee728b)  -> (artifact id: 'aa9b0cdd4a0b3b3027f006ae90d3a42e') in 0.052525 seconds
Number of updated asset objects reloaded before import = 0
Number of asset objects unloaded after import = 2
========================================================================
Received Import Request.
  Time since last request: 0.000026 seconds.
  path: Assets/Art/JKT_Art/Animals/sheep/fbx
  artifactKey: Guid(735c5e48fbfe5cf4e926108779eef159) Importer(815301076,1909f56bfc062723c751e8b465ee728b)
Start importing Assets/Art/JKT_Art/Animals/sheep/fbx using Guid(735c5e48fbfe5cf4e926108779eef159) Importer(815301076,1909f56bfc062723c751e8b465ee728b)  -> (artifact id: '6e088467c53e4b660f92dd1ac15ac3ca') in 0.000602 seconds
Number of updated asset objects reloaded before import = 0
Number of asset objects unloaded after import = 0
========================================================================
Received Import Request.
  Time since last request: 0.000040 seconds.
  path: Assets/Art/JKT_Art/Animals/sheep/fbx/sheep_walk.FBX
  artifactKey: Guid(b2f29bedc01897d448f4f3e00b5e406d) Importer(815301076,1909f56bfc062723c751e8b465ee728b)
Start importing Assets/Art/JKT_Art/Animals/sheep/fbx/sheep_walk.FBX using Guid(b2f29bedc01897d448f4f3e00b5e406d) Importer(815301076,1909f56bfc062723c751e8b465ee728b)  -> (artifact id: 'e8548968524317c9a63385c6a4ab3fce') in 0.075420 seconds
Number of updated asset objects reloaded before import = 0
Number of asset objects unloaded after import = 89
========================================================================
Received Import Request.
  Time since last request: 203.313453 seconds.
  path: Assets/Art/JKT_Art/UI/ICON/check.psd
  artifactKey: Guid(e8b9803530797ed448d61067769e6899) Importer(815301076,1909f56bfc062723c751e8b465ee728b)
Start importing Assets/Art/JKT_Art/UI/ICON/check.psd using Guid(e8b9803530797ed448d61067769e6899) Importer(815301076,1909f56bfc062723c751e8b465ee728b)  -> (artifact id: 'de0c6549425095b0e166d1403adf74ab') in 0.034095 seconds
Number of updated asset objects reloaded before import = 0
Number of asset objects unloaded after import = 3
========================================================================
Received Import Request.
  Time since last request: 0.005551 seconds.
  path: Assets/Art/JKT_Art/UI/ICON/music.png
  artifactKey: Guid(7bd54938d199db544b8e3ac7112b3148) Importer(815301076,1909f56bfc062723c751e8b465ee728b)
Start importing Assets/Art/JKT_Art/UI/ICON/music.png using Guid(7bd54938d199db544b8e3ac7112b3148) Importer(815301076,1909f56bfc062723c751e8b465ee728b)  -> (artifact id: '374ae6e9b3c729b1b12690fde2563a11') in 0.018105 seconds
Number of updated asset objects reloaded before import = 0
Number of asset objects unloaded after import = 3
========================================================================
Received Import Request.
  Time since last request: 0.000016 seconds.
  path: Assets/Art/JKT_Art/UI/ICON/return.png
  artifactKey: Guid(e11e08d862a9ac34991b14dc6a16a0ca) Importer(815301076,1909f56bfc062723c751e8b465ee728b)
Start importing Assets/Art/JKT_Art/UI/ICON/return.png using Guid(e11e08d862a9ac34991b14dc6a16a0ca) Importer(815301076,1909f56bfc062723c751e8b465ee728b)  -> (artifact id: '83a2500e94273ff113b25aa9c5d4f85d') in 0.016593 seconds
Number of updated asset objects reloaded before import = 0
Number of asset objects unloaded after import = 3
========================================================================
Received Import Request.
  Time since last request: 0.000017 seconds.
  path: Assets/Art/JKT_Art/UI/ICON/home.png
  artifactKey: Guid(0b5049cca9b6a1e41a5ed2aa5f5a075a) Importer(815301076,1909f56bfc062723c751e8b465ee728b)
Start importing Assets/Art/JKT_Art/UI/ICON/home.png using Guid(0b5049cca9b6a1e41a5ed2aa5f5a075a) Importer(815301076,1909f56bfc062723c751e8b465ee728b)  -> (artifact id: '5758522274a1943083a83b49aef46606') in 0.017751 seconds
Number of updated asset objects reloaded before import = 0
Number of asset objects unloaded after import = 3
========================================================================
Received Import Request.
  Time since last request: 0.000047 seconds.
  path: Assets/Art/JKT_Art/UI/ICON/x.png
  artifactKey: Guid(632c45048af3cff41a21bce8f8bb9867) Importer(815301076,1909f56bfc062723c751e8b465ee728b)
Start importing Assets/Art/JKT_Art/UI/ICON/x.png using Guid(632c45048af3cff41a21bce8f8bb9867) Importer(815301076,1909f56bfc062723c751e8b465ee728b)  -> (artifact id: '8a01b97568a50bd723aaf52ad45a7bdf') in 0.016283 seconds
Number of updated asset objects reloaded before import = 0
Number of asset objects unloaded after import = 3
========================================================================
Received Import Request.
  Time since last request: 0.000013 seconds.
  path: Assets/Art/JKT_Art/UI/ICON/door.psd
  artifactKey: Guid(6d3f4971f4c6bf846b432a5b77750dc0) Importer(815301076,1909f56bfc062723c751e8b465ee728b)
Start importing Assets/Art/JKT_Art/UI/ICON/door.psd using Guid(6d3f4971f4c6bf846b432a5b77750dc0) Importer(815301076,1909f56bfc062723c751e8b465ee728b)  -> (artifact id: '5027fb2b7fe33f7b229e425d4587a70b') in 0.015293 seconds
Number of updated asset objects reloaded before import = 0
Number of asset objects unloaded after import = 3
Editor requested this worker to shutdown with reason: Scaling down because of idle timeout
TcpMessagingSession - receive error: operation aborted. errorcode: 995, details: La operación de E/S se anuló por una salida de subproceso o por una solicitud de aplicación.
AssetImportWorker is now disconnected from the server
Process exiting
Exiting without the bug reporter. Application will terminate with return code 0